<?xml version="1.0" encoding="UTF-8"?>
<testng-results ignored="0" total="1" passed="1" failed="0" skipped="0">
  <reporter-output>
  </reporter-output>
  <suite started-at="2021-03-20T12:37:31 GMT" name="test.java.flightbooking.NewTest" finished-at="2021-03-20T12:37:47 GMT" duration-ms="15592">
    <groups>
    </groups>
    <test started-at="2021-03-20T12:37:31 GMT" name="Command line test" finished-at="2021-03-20T12:37:47 GMT" duration-ms="15592">
      <class name="test.java.flightbooking.NewTest">
        <test-method signature="f()[pri:0, instance:test.java.flightbooking.NewTest@1877ab81]" started-at="2021-03-20T12:37:31 GMT" name="f" finished-at="2021-03-20T12:37:47 GMT" duration-ms="15552" status="PASS">
          <reporter-output>
          </reporter-output>
        </test-method> <!-- f -->
      </class> <!-- test.java.flightbooking.NewTest -->
    </test> <!-- Command line test -->
  </suite> <!-- test.java.flightbooking.NewTest -->
</testng-results>
